[2015-02-16 22:52:08] request.ERROR: Uncaught PHP Exception Symfony\Component\HttpKernel\Exception\NotFoundHttpException: "No route found for "GET /%5C%5Cwww.loreal.fr"" at /home/xprojets/www/new_site/Xprojets/app/cache/prod/classes.php line 1971 {"exception":"[object] (Symfony\\Component\\HttpKernel\\Exception\\NotFoundHttpException: No route found for \"GET /%5C%5Cwww.loreal.fr\" at /home/xprojets/www/new_site/Xprojets/app/cache/prod/classes.php:1971, Symfony\\Component\\Routing\\Exception\\ResourceNotFoundException:  at /home/xprojets/www/new_site/Xprojets/app/cache/prod/appProdUrlMatcher.php:171)"} []
[2015-02-17 01:15:59] request.ERROR: Uncaught PHP Exception Symfony\Component\HttpKernel\Exception\NotFoundHttpException: "No route found for "GET /%5C%5Cwww.samsung.fr"" at /home/xprojets/www/new_site/Xprojets/app/cache/prod/classes.php line 1971 {"exception":"[object] (Symfony\\Component\\HttpKernel\\Exception\\NotFoundHttpException: No route found for \"GET /%5C%5Cwww.samsung.fr\" at /home/xprojets/www/new_site/Xprojets/app/cache/prod/classes.php:1971, Symfony\\Component\\Routing\\Exception\\ResourceNotFoundException:  at /home/xprojets/www/new_site/Xprojets/app/cache/prod/appProdUrlMatcher.php:171)"} []
[2015-02-17 03:40:49] request.ERROR: Uncaught PHP Exception Symfony\Component\HttpKernel\Exception\NotFoundHttpException: "No route found for "GET /intervenant/"" at /home/xprojets/www/new_site/Xprojets/app/cache/prod/classes.php line 1971 {"exception":"[object] (Symfony\\Component\\HttpKernel\\Exception\\NotFoundHttpException: No route found for \"GET /intervenant/\" at /home/xprojets/www/new_site/Xprojets/app/cache/prod/classes.php:1971, Symfony\\Component\\Routing\\Exception\\ResourceNotFoundException:  at /home/xprojets/www/new_site/Xprojets/app/cache/prod/appProdUrlMatcher.php:171)"} []
[2015-02-17 07:46:19] request.INFO: Matched route "junior_site_mail_contact" (parameters: "_controller": "Junior\SiteBundle\Controller\SiteController::mailAction", "_route": "junior_site_mail_contact") [] []
[2015-02-17 07:46:20] request.CRITICAL: Uncaught PHP Exception Swift_RfcComplianceException: "Address in mailbox given [Votre mail...] does not comply with RFC 2822, 3.6.2." at /home/xprojets/www/new_site/Xprojets/vendor/swiftmailer/swiftmailer/lib/classes/Swift/Mime/Headers/MailboxHeader.php line 348 {"exception":"[object] (Swift_RfcComplianceException: Address in mailbox given [Votre mail...] does not comply with RFC 2822, 3.6.2. at /home/xprojets/www/new_site/Xprojets/vendor/swiftmailer/swiftmailer/lib/classes/Swift/Mime/Headers/MailboxHeader.php:348)"} []
[2015-02-17 11:24:11] request.INFO: Matched route "login" (parameters: "_controller": "Junior\SiteinterneBundle\Controller\SecurityController::loginAction", "_route": "login") [] []
[2015-02-17 11:24:11] security.INFO: Populated SecurityContext with an anonymous Token [] []
[2015-02-17 11:24:12] request.CRITICAL: Uncaught PHP Exception Doctrine\DBAL\DBALException: "An exception occurred while executing 'INSERT INTO user (username, password, salt, first_name, last_name, hash, roles, email, promo, inscrit, inscrit_le) VALUES (?, ?, ?, ?, ?, ?, ?, ?, ?, ?, ?)' with params [null, "1z8X6dS54", "", null, null, "", "a:1:{i:0;s:9:\"ROLE_USER\";}", null, null, null, null]:  SQLSTATE[23000]: Integrity constraint violation: 1048 Column 'username' cannot be null" at /home/xprojets/www/new_site/Xprojets/vendor/doctrine/dbal/lib/Doctrine/DBAL/DBALException.php line 91 {"exception":"[object] (Doctrine\\DBAL\\DBALException: An exception occurred while executing 'INSERT INTO user (username, password, salt, first_name, last_name, hash, roles, email, promo, inscrit, inscrit_le) VALUES (?, ?, ?, ?, ?, ?, ?, ?, ?, ?, ?)' with params [null, \"1z8X6dS54\", \"\", null, null, \"\", \"a:1:{i:0;s:9:\\\"ROLE_USER\\\";}\", null, null, null, null]:\n\nSQLSTATE[23000]: Integrity constraint violation: 1048 Column 'username' cannot be null at /home/xprojets/www/new_site/Xprojets/vendor/doctrine/dbal/lib/Doctrine/DBAL/DBALException.php:91, PDOException: SQLSTATE[23000]: Integrity constraint violation: 1048 Column 'username' cannot be null at /home/xprojets/www/new_site/Xprojets/vendor/doctrine/dbal/lib/Doctrine/DBAL/Statement.php:165)"} []
[2015-02-17 11:24:12] security.DEBUG: Write SecurityContext in the session [] []
[2015-02-17 11:30:33] request.INFO: Matched route "login" (parameters: "_controller": "Junior\SiteinterneBundle\Controller\SecurityController::loginAction", "_route": "login") [] []
[2015-02-17 11:30:34] security.INFO: Populated SecurityContext with an anonymous Token [] []
[2015-02-17 11:30:34] request.CRITICAL: Uncaught PHP Exception Doctrine\DBAL\DBALException: "An exception occurred while executing 'INSERT INTO user (username, password, salt, first_name, last_name, hash, roles, email, promo, inscrit, inscrit_le) VALUES (?, ?, ?, ?, ?, ?, ?, ?, ?, ?, ?)' with params [null, "1z8X6dS54", "", null, null, "", "a:1:{i:0;s:9:\"ROLE_USER\";}", null, null, null, null]:  SQLSTATE[23000]: Integrity constraint violation: 1048 Column 'username' cannot be null" at /home/xprojets/www/new_site/Xprojets/vendor/doctrine/dbal/lib/Doctrine/DBAL/DBALException.php line 91 {"exception":"[object] (Doctrine\\DBAL\\DBALException: An exception occurred while executing 'INSERT INTO user (username, password, salt, first_name, last_name, hash, roles, email, promo, inscrit, inscrit_le) VALUES (?, ?, ?, ?, ?, ?, ?, ?, ?, ?, ?)' with params [null, \"1z8X6dS54\", \"\", null, null, \"\", \"a:1:{i:0;s:9:\\\"ROLE_USER\\\";}\", null, null, null, null]:\n\nSQLSTATE[23000]: Integrity constraint violation: 1048 Column 'username' cannot be null at /home/xprojets/www/new_site/Xprojets/vendor/doctrine/dbal/lib/Doctrine/DBAL/DBALException.php:91, PDOException: SQLSTATE[23000]: Integrity constraint violation: 1048 Column 'username' cannot be null at /home/xprojets/www/new_site/Xprojets/vendor/doctrine/dbal/lib/Doctrine/DBAL/Statement.php:165)"} []
[2015-02-17 11:30:34] security.DEBUG: Write SecurityContext in the session [] []
[2015-02-17 11:35:41] request.INFO: Matched route "login" (parameters: "_controller": "Junior\SiteinterneBundle\Controller\SecurityController::loginAction", "_route": "login") [] []
[2015-02-17 11:35:42] security.INFO: Populated SecurityContext with an anonymous Token [] []
[2015-02-17 11:35:42] request.CRITICAL: Uncaught PHP Exception Doctrine\DBAL\DBALException: "An exception occurred while executing 'INSERT INTO user (username, password, salt, first_name, last_name, hash, roles, email, promo, inscrit, inscrit_le) VALUES (?, ?, ?, ?, ?, ?, ?, ?, ?, ?, ?)' with params [null, "1z8X6dS54", "", null, null, "", "a:1:{i:0;s:9:\"ROLE_USER\";}", null, null, null, null]:  SQLSTATE[23000]: Integrity constraint violation: 1048 Column 'username' cannot be null" at /home/xprojets/www/new_site/Xprojets/vendor/doctrine/dbal/lib/Doctrine/DBAL/DBALException.php line 91 {"exception":"[object] (Doctrine\\DBAL\\DBALException: An exception occurred while executing 'INSERT INTO user (username, password, salt, first_name, last_name, hash, roles, email, promo, inscrit, inscrit_le) VALUES (?, ?, ?, ?, ?, ?, ?, ?, ?, ?, ?)' with params [null, \"1z8X6dS54\", \"\", null, null, \"\", \"a:1:{i:0;s:9:\\\"ROLE_USER\\\";}\", null, null, null, null]:\n\nSQLSTATE[23000]: Integrity constraint violation: 1048 Column 'username' cannot be null at /home/xprojets/www/new_site/Xprojets/vendor/doctrine/dbal/lib/Doctrine/DBAL/DBALException.php:91, PDOException: SQLSTATE[23000]: Integrity constraint violation: 1048 Column 'username' cannot be null at /home/xprojets/www/new_site/Xprojets/vendor/doctrine/dbal/lib/Doctrine/DBAL/Statement.php:165)"} []
[2015-02-17 11:35:43] security.DEBUG: Write SecurityContext in the session [] []
[2015-02-17 11:38:53] request.ERROR: Uncaught PHP Exception Symfony\Component\HttpKernel\Exception\NotFoundHttpException: "No route found for "GET /assets/flash/ZeroClipboard.swf" (from "http://www.xprojets.com/platal/")" at /home/xprojets/www/new_site/Xprojets/app/cache/prod/classes.php line 1971 {"exception":"[object] (Symfony\\Component\\HttpKernel\\Exception\\NotFoundHttpException: No route found for \"GET /assets/flash/ZeroClipboard.swf\" (from \"http://www.xprojets.com/platal/\") at /home/xprojets/www/new_site/Xprojets/app/cache/prod/classes.php:1971, Symfony\\Component\\Routing\\Exception\\ResourceNotFoundException:  at /home/xprojets/www/new_site/Xprojets/app/cache/prod/appProdUrlMatcher.php:171)"} []
[2015-02-17 12:32:43] request.ERROR: Uncaught PHP Exception Symfony\Component\HttpKernel\Exception\NotFoundHttpException: "No route found for "GET /assets/flash/ZeroClipboard.swf" (from "http://www.xprojets.com/platal/")" at /home/xprojets/www/new_site/Xprojets/app/cache/prod/classes.php line 1971 {"exception":"[object] (Symfony\\Component\\HttpKernel\\Exception\\NotFoundHttpException: No route found for \"GET /assets/flash/ZeroClipboard.swf\" (from \"http://www.xprojets.com/platal/\") at /home/xprojets/www/new_site/Xprojets/app/cache/prod/classes.php:1971, Symfony\\Component\\Routing\\Exception\\ResourceNotFoundException:  at /home/xprojets/www/new_site/Xprojets/app/cache/prod/appProdUrlMatcher.php:171)"} []
[2015-02-17 12:33:08] request.ERROR: Uncaught PHP Exception Symfony\Component\HttpKernel\Exception\NotFoundHttpException: "No route found for "GET /css/fonts/animals-webfont.ttf" (from "http://xprojets.com/")" at /home/xprojets/www/new_site/Xprojets/app/cache/prod/classes.php line 1971 {"exception":"[object] (Symfony\\Component\\HttpKernel\\Exception\\NotFoundHttpException: No route found for \"GET /css/fonts/animals-webfont.ttf\" (from \"http://xprojets.com/\") at /home/xprojets/www/new_site/Xprojets/app/cache/prod/classes.php:1971, Symfony\\Component\\Routing\\Exception\\ResourceNotFoundException:  at /home/xprojets/www/new_site/Xprojets/app/cache/prod/appProdUrlMatcher.php:171)"} []
[2015-02-17 12:33:08] request.ERROR: Uncaught PHP Exception Symfony\Component\HttpKernel\Exception\NotFoundHttpException: "No route found for "GET /css/fonts/animals-webfont.svg" (from "http://xprojets.com/")" at /home/xprojets/www/new_site/Xprojets/app/cache/prod/classes.php line 1971 {"exception":"[object] (Symfony\\Component\\HttpKernel\\Exception\\NotFoundHttpException: No route found for \"GET /css/fonts/animals-webfont.svg\" (from \"http://xprojets.com/\") at /home/xprojets/www/new_site/Xprojets/app/cache/prod/classes.php:1971, Symfony\\Component\\Routing\\Exception\\ResourceNotFoundException:  at /home/xprojets/www/new_site/Xprojets/app/cache/prod/appProdUrlMatcher.php:171)"} []
[2015-02-17 12:34:37] request.INFO: Matched route "junior_siteinterne_index" (parameters: "_controller": "Junior\SiteinterneBundle\Controller\SiteinterneController::indexAction", "_route": "junior_siteinterne_index") [] []
[2015-02-17 12:34:37] security.DEBUG: Read SecurityContext from the session [] []
[2015-02-17 12:34:37] security.DEBUG: Reloading user from user provider. [] []
[2015-02-17 12:34:37] request.CRITICAL: Uncaught PHP Exception Doctrine\DBAL\Types\ConversionException: "Could not convert database value "a:1:{i:0;s:9:"ROLE_ADMIN";}" to Doctrine Type array" at /home/xprojets/www/new_site/Xprojets/vendor/doctrine/dbal/lib/Doctrine/DBAL/Types/ConversionException.php line 46 {"exception":"[object] (Doctrine\\DBAL\\Types\\ConversionException: Could not convert database value \"a:1:{i:0;s:9:\"ROLE_ADMIN\";}\" to Doctrine Type array at /home/xprojets/www/new_site/Xprojets/vendor/doctrine/dbal/lib/Doctrine/DBAL/Types/ConversionException.php:46)"} []
[2015-02-17 12:34:37] security.DEBUG: Write SecurityContext in the session [] []
[2015-02-17 12:34:47] request.INFO: Matched route "login" (parameters: "_controller": "Junior\SiteinterneBundle\Controller\SecurityController::loginAction", "_route": "login") [] []
[2015-02-17 12:34:47] security.INFO: Populated SecurityContext with an anonymous Token [] []
[2015-02-17 12:34:47] request.CRITICAL: Uncaught PHP Exception Doctrine\DBAL\Types\ConversionException: "Could not convert database value "a:1:{i:0;s:9:"ROLE_ADMIN";}" to Doctrine Type array" at /home/xprojets/www/new_site/Xprojets/vendor/doctrine/dbal/lib/Doctrine/DBAL/Types/ConversionException.php line 46 {"exception":"[object] (Doctrine\\DBAL\\Types\\ConversionException: Could not convert database value \"a:1:{i:0;s:9:\"ROLE_ADMIN\";}\" to Doctrine Type array at /home/xprojets/www/new_site/Xprojets/vendor/doctrine/dbal/lib/Doctrine/DBAL/Types/ConversionException.php:46)"} []
[2015-02-17 12:34:47] security.DEBUG: Write SecurityContext in the session [] []
[2015-02-17 12:34:52] request.INFO: Matched route "login" (parameters: "_controller": "Junior\SiteinterneBundle\Controller\SecurityController::loginAction", "_route": "login") [] []
[2015-02-17 12:34:52] security.INFO: Populated SecurityContext with an anonymous Token [] []
[2015-02-17 12:34:52] request.CRITICAL: Uncaught PHP Exception Doctrine\DBAL\Types\ConversionException: "Could not convert database value "a:1:{i:0;s:9:"ROLE_ADMIN";}" to Doctrine Type array" at /home/xprojets/www/new_site/Xprojets/vendor/doctrine/dbal/lib/Doctrine/DBAL/Types/ConversionException.php line 46 {"exception":"[object] (Doctrine\\DBAL\\Types\\ConversionException: Could not convert database value \"a:1:{i:0;s:9:\"ROLE_ADMIN\";}\" to Doctrine Type array at /home/xprojets/www/new_site/Xprojets/vendor/doctrine/dbal/lib/Doctrine/DBAL/Types/ConversionException.php:46)"} []
[2015-02-17 12:34:52] security.DEBUG: Write SecurityContext in the session [] []
[2015-02-17 12:37:16] request.INFO: Matched route "login" (parameters: "_controller": "Junior\SiteinterneBundle\Controller\SecurityController::loginAction", "_route": "login") [] []
[2015-02-17 12:37:16] security.INFO: Populated SecurityContext with an anonymous Token [] []
[2015-02-17 12:37:16] request.CRITICAL: Uncaught PHP Exception Doctrine\DBAL\Types\ConversionException: "Could not convert database value "a:1:{i:0;s:9:"ROLE_ADMIN";}" to Doctrine Type array" at /home/xprojets/www/new_site/Xprojets/vendor/doctrine/dbal/lib/Doctrine/DBAL/Types/ConversionException.php line 46 {"exception":"[object] (Doctrine\\DBAL\\Types\\ConversionException: Could not convert database value \"a:1:{i:0;s:9:\"ROLE_ADMIN\";}\" to Doctrine Type array at /home/xprojets/www/new_site/Xprojets/vendor/doctrine/dbal/lib/Doctrine/DBAL/Types/ConversionException.php:46)"} []
[2015-02-17 12:37:17] security.DEBUG: Write SecurityContext in the session [] []
